#
# There is insufficient memory for the Java Runtime Environment to continue.
# Native memory allocation (malloc) failed to allocate 32744 bytes for ChunkPool::allocate
# Possible reasons:
#   The system is out of physical RAM or swap space
#   In 32 bit mode, the process size limit was hit
# Possible solutions:
#   Reduce memory load on the system
#   Increase physical memory or swap space
#   Check if swap backing store is full
#   Use 64 bit Java on a 64 bit OS
#   Decrease Java heap size (-Xmx/-Xms)
#   Decrease number of Java threads
#   Decrease Java thread stack sizes (-Xss)
#   Set larger code cache with -XX:ReservedCodeCacheSize=
# This output file may be truncated or incomplete.
#
#  Out of Memory Error (allocation.cpp:273), pid=6148, tid=0x0000000000001840
#
# JRE version: OpenJDK Runtime Environment (8.0_152-b06) (build 1.8.0_152-release-1136-b06)
# Java VM: OpenJDK 64-Bit Server VM (25.152-b06 mixed mode windows-amd64 compressed oops)
# Failed to write core dump. Minidumps are not enabled by default on client versions of Windows
#

---------------  T H R E A D  ---------------

Current thread (0x0000000016b2d000):  JavaThread "C2 CompilerThread0" daemon [_thread_in_native, id=6208, stack(0x0000000018180000,0x0000000018280000)]

Stack: [0x0000000018180000,0x0000000018280000]
[error occurred during error reporting (printing stack bounds), id 0xc0000005]

Native frames: (J=compiled Java code, j=interpreted, Vv=VM code, C=native code)


Current CompileTask:
C2:  21370 4205       4       java.lang.ClassLoader::defineClass (43 bytes)


---------------  P R O C E S S  ---------------

Java Threads: ( => current thread )
  0x0000000018fc7000 JavaThread "Build operations Thread 4" [_thread_blocked, id=10944, stack(0x0000000020d90000,0x0000000020e90000)]
  0x0000000018fc8800 JavaThread "Build operations Thread 3" [_thread_blocked, id=10428, stack(0x0000000020c90000,0x0000000020d90000)]
  0x0000000018fcd800 JavaThread "Build operations Thread 2" [_thread_blocked, id=1996, stack(0x0000000020b90000,0x0000000020c90000)]
  0x0000000018fcd000 JavaThread "Build operations" [_thread_blocked, id=12284, stack(0x0000000020a90000,0x0000000020b90000)]
  0x0000000018fc9000 JavaThread "Cache worker for Artifact transforms cache (C:\Users\pc\.gradle\caches\transforms-1)" [_thread_blocked, id=8952, stack(0x000000001f020000,0x000000001f120000)]
  0x000000001b7c4800 JavaThread "Cache worker for file hash cache (C:\Users\pc\Desktop\MongoDB\.gradle\4.6\fileHashes)" [_thread_blocked, id=8180, stack(0x000000001c6e0000,0x000000001c7e0000)]
  0x0000000019f1c000 JavaThread "File lock request listener" [_thread_in_native, id=1116, stack(0x000000001c5e0000,0x000000001c6e0000)]
  0x0000000019f1b800 JavaThread "Cache worker for file hash cache (C:\Users\pc\.gradle\caches\4.6\fileHashes)" [_thread_blocked, id=6400, stack(0x000000001c4e0000,0x000000001c5e0000)]
  0x0000000019e4e800 JavaThread "Stdin handler" [_thread_blocked, id=6084, stack(0x000000001b210000,0x000000001b310000)]
  0x0000000019e52800 JavaThread "Asynchronous log dispatcher for DefaultDaemonConnection: socket connection from /127.0.0.1:2202 to /127.0.0.1:2203" [_thread_blocked, id=11220, stack(0x000000001b110000,0x000000001b210000)]
  0x0000000019e4d800 JavaThread "Daemon worker" [_thread_blocked, id=12060, stack(0x000000001b010000,0x000000001b110000)]
  0x0000000019e57800 JavaThread "Cancel handler" [_thread_blocked, id=2004, stack(0x000000001af10000,0x000000001b010000)]
  0x0000000019d1b800 JavaThread "Handler for socket connection from /127.0.0.1:2202 to /127.0.0.1:2203" [_thread_in_native, id=10640, stack(0x000000001ac10000,0x000000001ad10000)]
  0x0000000019d1b000 JavaThread "Daemon" [_thread_blocked, id=9164, stack(0x000000001ab10000,0x000000001ac10000)]
  0x0000000019c84800 JavaThread "Daemon periodic checks" [_thread_blocked, id=9720, stack(0x000000001aa10000,0x000000001ab10000)]
  0x0000000019c0a000 JavaThread "Incoming local TCP Connector on port 2202" [_thread_in_native, id=4308, stack(0x0000000019280000,0x0000000019380000)]
  0x00000000184a8800 JavaThread "Service Thread" daemon [_thread_blocked, id=6892, stack(0x0000000018880000,0x0000000018980000)]
  0x0000000016b3e000 JavaThread "C1 CompilerThread2" daemon [_thread_blocked, id=2796, stack(0x0000000018380000,0x0000000018480000)]
  0x0000000016b31000 JavaThread "C2 CompilerThread1" daemon [_thread_in_native, id=7788, stack(0x0000000018280000,0x0000000018380000)]
=>0x0000000016b2d000 JavaThread "C2 CompilerThread0" daemon [_thread_in_native, id=6208, stack(0x0000000018180000,0x0000000018280000)]
  0x0000000016b3a800 JavaThread "Attach Listener" daemon [_thread_blocked, id=3212, stack(0x0000000018080000,0x0000000018180000)]
  0x0000000016b39800 JavaThread "Signal Dispatcher" daemon [_thread_blocked, id=4892, stack(0x0000000017f80000,0x0000000018080000)]
  0x0000000016b1e000 JavaThread "Finalizer" daemon [_thread_blocked, id=4752, stack(0x0000000017d90000,0x0000000017e90000)]
  0x00000000031b3000 JavaThread "Reference Handler" daemon [_thread_blocked, id=2228, stack(0x0000000017c90000,0x0000000017d90000)]
  0x000000000164e000 JavaThread "main" [_thread_blocked, id=4804, stack(0x0000000002fc0000,0x00000000030c0000)]

Other Threads:
  0x0000000016af5000 VMThread [stack: 0x0000000017b90000,0x0000000017c90000] [id=10684]
  0x00000000184aa000 WatcherThread [stack: 0x0000000018980000,0x0000000018a80000] [id=3368]

VM state:at safepoint (normal execution)

VM Mutex/Monitor currently owned by a thread:  ([mutex/lock_event])
[0x000000000164d910] Threads_lock - owner thread: 0x0000000016af5000
[0x000000000164db10] Heap_lock - owner thread: 0x0000000019e4d800

Heap:
 PSYoungGen      total 96768K, used 1127K [0x00000000e0000000, 0x00000000e6a00000, 0x0000000100000000)
  eden space 84992K, 0% used [0x00000000e0000000,0x00000000e0000000,0x00000000e5300000)
  from space 11776K, 9% used [0x00000000e5300000,0x00000000e5419df0,0x00000000e5e80000)
  to   space 10752K, 0% used [0x00000000e5f80000,0x00000000e5f80000,0x00000000e6a00000)
 ParOldGen       total 104960K, used 16677K [0x00000000a0000000, 0x00000000a6680000, 0x00000000e0000000)
  object space 104960K, 15% used [0x00000000a0000000,0x00000000a10497e0,0x00000000a6680000)
 Metaspace       used 36478K, capacity 37248K, committed 37376K, reserved 1085440K
  class space    used 5006K, capacity 5289K, committed 5376K, reserved 1048576K

Card table byte_map: [0x0000000012580000,0x0000000012890000] byte_map_base: 0x0000000012080000

Marking Bits: (ParMarkBitMap*) 0x0000000057e65aa0
 Begin Bits: [0x0000000012e90000, 0x0000000014690000)
 End Bits:   [0x0000000014690000, 0x0000000015e90000)

Polling page: 0x0000000001630000

CodeCache: size=245760Kb used=12758Kb max_used=13529Kb free=233001Kb
 bounds [0x00000000031c0000, 0x0000000003f10000, 0x00000000121c0000]
 total_blobs=4349 nmethods=3640 adapters=621
 compilation: enabled

Compilation events (10 events):
Event: 21.199 Thread 0x0000000016b3e000 4202       3       java.lang.invoke.InvokerBytecodeGenerator::isStaticallyInvocable (169 bytes)
Event: 21.202 Thread 0x0000000016b3e000 nmethod 4202 0x0000000003caf850 code [0x0000000003cafcc0, 0x0000000003cb2df8]
Event: 21.202 Thread 0x0000000016b3e000 4201       3       java.lang.invoke.LambdaForm$NamedFunction::member (26 bytes)
Event: 21.202 Thread 0x0000000016b3e000 nmethod 4201 0x0000000003caf510 code [0x0000000003caf660, 0x0000000003caf7d0]
Event: 21.202 Thread 0x0000000016b3e000 4203       3       java.lang.invoke.MemberName::isPrivate (8 bytes)
Event: 21.202 Thread 0x0000000016b3e000 nmethod 4203 0x0000000003caf0d0 code [0x0000000003caf240, 0x0000000003caf450]
Event: 21.206 Thread 0x0000000016b3e000 4204       3       jdk.internal.org.objectweb.asm.MethodWriter::noSuccessor (87 bytes)
Event: 21.207 Thread 0x0000000016b3e000 nmethod 4204 0x0000000003cae650 code [0x0000000003cae7e0, 0x0000000003caecc8]
Event: 21.303 Thread 0x0000000016b2d000 4205       4       java.lang.ClassLoader::defineClass (43 bytes)
Event: 21.322 Thread 0x0000000016b31000 4206   !   4       java.security.SecureClassLoader::getProtectionDomain (114 bytes)

GC Heap History (10 events):
Event: 9.967 GC heap before
{Heap before GC invocations=8 (full 1):
 PSYoungGen      total 57344K, used 51021K [0x00000000e0000000, 0x00000000e4200000, 0x0000000100000000)
  eden space 47104K, 100% used [0x00000000e0000000,0x00000000e2e00000,0x00000000e2e00000)
  from space 10240K, 38% used [0x00000000e3800000,0x00000000e3bd35f0,0x00000000e4200000)
  to   space 10240K, 0% used [0x00000000e2e00000,0x00000000e2e00000,0x00000000e3800000)
 ParOldGen       total 65536K, used 8405K [0x00000000a0000000, 0x00000000a4000000, 0x00000000e0000000)
  object space 65536K, 12% used [0x00000000a0000000,0x00000000a08354a8,0x00000000a4000000)
 Metaspace       used 27303K, capacity 27902K, committed 28032K, reserved 1073152K
  class space    used 3737K, capacity 3920K, committed 3968K, reserved 1048576K
Event: 9.983 GC heap after
Heap after GC invocations=8 (full 1):
 PSYoungGen      total 57344K, used 6331K [0x00000000e0000000, 0x00000000e5680000, 0x0000000100000000)
  eden space 47104K, 0% used [0x00000000e0000000,0x00000000e0000000,0x00000000e2e00000)
  from space 10240K, 61% used [0x00000000e2e00000,0x00000000e342eef0,0x00000000e3800000)
  to   space 9728K, 0% used [0x00000000e4d00000,0x00000000e4d00000,0x00000000e5680000)
 ParOldGen       total 65536K, used 8413K [0x00000000a0000000, 0x00000000a4000000, 0x00000000e0000000)
  object space 65536K, 12% used [0x00000000a0000000,0x00000000a08374a8,0x00000000a4000000)
 Metaspace       used 27303K, capacity 27902K, committed 28032K, reserved 1073152K
  class space    used 3737K, capacity 3920K, committed 3968K, reserved 1048576K
}
Event: 11.357 GC heap before
{Heap before GC invocations=9 (full 1):
 PSYoungGen      total 57344K, used 53435K [0x00000000e0000000, 0x00000000e5680000, 0x0000000100000000)
  eden space 47104K, 100% used [0x00000000e0000000,0x00000000e2e00000,0x00000000e2e00000)
  from space 10240K, 61% used [0x00000000e2e00000,0x00000000e342eef0,0x00000000e3800000)
  to   space 9728K, 0% used [0x00000000e4d00000,0x00000000e4d00000,0x00000000e5680000)
 ParOldGen       total 65536K, used 8413K [0x00000000a0000000, 0x00000000a4000000, 0x00000000e0000000)
  object space 65536K, 12% used [0x00000000a0000000,0x00000000a08374a8,0x00000000a4000000)
 Metaspace       used 30002K, capacity 30676K, committed 30848K, reserved 1075200K
  class space    used 4219K, capacity 4461K, committed 4480K, reserved 1048576K
Event: 11.374 GC heap after
Heap after GC invocations=9 (full 1):
 PSYoungGen      total 77824K, used 8938K [0x00000000e0000000, 0x00000000e5900000, 0x0000000100000000)
  eden space 68096K, 0% used [0x00000000e0000000,0x00000000e0000000,0x00000000e4280000)
  from space 9728K, 91% used [0x00000000e4d00000,0x00000000e55ba840,0x00000000e5680000)
  to   space 10752K, 0% used [0x00000000e4280000,0x00000000e4280000,0x00000000e4d00000)
 ParOldGen       total 65536K, used 8421K [0x00000000a0000000, 0x00000000a4000000, 0x00000000e0000000)
  object space 65536K, 12% used [0x00000000a0000000,0x00000000a08394a8,0x00000000a4000000)
 Metaspace       used 30002K, capacity 30676K, committed 30848K, reserved 1075200K
  class space    used 4219K, capacity 4461K, committed 4480K, reserved 1048576K
}
Event: 14.973 GC heap before
{Heap before GC invocations=10 (full 1):
 PSYoungGen      total 77824K, used 77034K [0x00000000e0000000, 0x00000000e5900000, 0x0000000100000000)
  eden space 68096K, 100% used [0x00000000e0000000,0x00000000e4280000,0x00000000e4280000)
  from space 9728K, 91% used [0x00000000e4d00000,0x00000000e55ba840,0x00000000e5680000)
  to   space 10752K, 0% used [0x00000000e4280000,0x00000000e4280000,0x00000000e4d00000)
 ParOldGen       total 65536K, used 8421K [0x00000000a0000000, 0x00000000a4000000, 0x00000000e0000000)
  object space 65536K, 12% used [0x00000000a0000000,0x00000000a08394a8,0x00000000a4000000)
 Metaspace       used 32724K, capacity 33466K, committed 33792K, reserved 1079296K
  class space    used 4486K, capacity 4750K, committed 4864K, reserved 1048576K
Event: 14.992 GC heap after
Heap after GC invocations=10 (full 1):
 PSYoungGen      total 78848K, used 8540K [0x00000000e0000000, 0x00000000e6a80000, 0x0000000100000000)
  eden space 68096K, 0% used [0x00000000e0000000,0x00000000e0000000,0x00000000e4280000)
  from space 10752K, 79% used [0x00000000e4280000,0x00000000e4ad7288,0x00000000e4d00000)
  to   space 11264K, 0% used [0x00000000e5f80000,0x00000000e5f80000,0x00000000e6a80000)
 ParOldGen       total 65536K, used 8501K [0x00000000a0000000, 0x00000000a4000000, 0x00000000e0000000)
  object space 65536K, 12% used [0x00000000a0000000,0x00000000a084d4b8,0x00000000a4000000)
 Metaspace       used 32724K, capacity 33466K, committed 33792K, reserved 1079296K
  class space    used 4486K, capacity 4750K, committed 4864K, reserved 1048576K
}
Event: 20.683 GC heap before
{Heap before GC invocations=11 (full 1):
 PSYoungGen      total 78848K, used 46812K [0x00000000e0000000, 0x00000000e6a80000, 0x0000000100000000)
  eden space 68096K, 56% used [0x00000000e0000000,0x00000000e255feb8,0x00000000e4280000)
  from space 10752K, 79% used [0x00000000e4280000,0x00000000e4ad7288,0x00000000e4d00000)
  to   space 11264K, 0% used [0x00000000e5f80000,0x00000000e5f80000,0x00000000e6a80000)
 ParOldGen       total 65536K, used 8501K [0x00000000a0000000, 0x00000000a4000000, 0x00000000e0000000)
  object space 65536K, 12% used [0x00000000a0000000,0x00000000a084d4b8,0x00000000a4000000)
 Metaspace       used 34521K, capacity 35278K, committed 35416K, reserved 1079296K
  class space    used 4745K, capacity 5037K, committed 5120K, reserved 1048576K
Event: 20.702 GC heap after
Heap after GC invocations=11 (full 1):
 PSYoungGen      total 95744K, used 10102K [0x00000000e0000000, 0x00000000e6a00000, 0x0000000100000000)
  eden space 84992K, 0% used [0x00000000e0000000,0x00000000e0000000,0x00000000e5300000)
  from space 10752K, 93% used [0x00000000e5f80000,0x00000000e695db08,0x00000000e6a00000)
  to   space 11776K, 0% used [0x00000000e5300000,0x00000000e5300000,0x00000000e5e80000)
 ParOldGen       total 65536K, used 8509K [0x00000000a0000000, 0x00000000a4000000, 0x00000000e0000000)
  object space 65536K, 12% used [0x00000000a0000000,0x00000000a084f4b8,0x00000000a4000000)
 Metaspace       used 34521K, capacity 35278K, committed 35416K, reserved 1079296K
  class space    used 4745K, capacity 5037K, committed 5120K, reserved 1048576K
}
Event: 20.702 GC heap before
{Heap before GC invocations=12 (full 2):
 PSYoungGen      total 95744K, used 10102K [0x00000000e0000000, 0x00000000e6a00000, 0x0000000100000000)
  eden space 84992K, 0% used [0x00000000e0000000,0x00000000e0000000,0x00000000e5300000)
  from space 10752K, 93% used [0x00000000e5f80000,0x00000000e695db08,0x00000000e6a00000)
  to   space 11776K, 0% used [0x00000000e5300000,0x00000000e5300000,0x00000000e5e80000)
 ParOldGen       total 65536K, used 8509K [0x00000000a0000000, 0x00000000a4000000, 0x00000000e0000000)
  object space 65536K, 12% used [0x00000000a0000000,0x00000000a084f4b8,0x00000000a4000000)
 Metaspace       used 34521K, capacity 35278K, committed 35416K, reserved 1079296K
  class space    used 4745K, capacity 5037K, committed 5120K, reserved 1048576K
Event: 20.837 GC heap after
Heap after GC invocations=12 (full 2):
 PSYoungGen      total 95744K, used 0K [0x00000000e0000000, 0x00000000e6a00000, 0x0000000100000000)
  eden space 84992K, 0% used [0x00000000e0000000,0x00000000e0000000,0x00000000e5300000)
  from space 10752K, 0% used [0x00000000e5f80000,0x00000000e5f80000,0x00000000e6a00000)
  to   space 11776K, 0% used [0x00000000e5300000,0x00000000e5300000,0x00000000e5e80000)
 ParOldGen       total 104960K, used 16669K [0x00000000a0000000, 0x00000000a6680000, 0x00000000e0000000)
  object space 104960K, 15% used [0x00000000a0000000,0x00000000a10477e0,0x00000000a6680000)
 Metaspace       used 34521K, capacity 35278K, committed 35416K, reserved 1079296K
  class space    used 4745K, capacity 5037K, committed 5120K, reserved 1048576K
}

Deoptimization events (10 events):
Event: 20.205 Thread 0x0000000019e4d800 Uncommon trap: reason=class_check action=maybe_recompile pc=0x0000000003e90854 method=java.util.regex.Pattern$GroupTail.match(Ljava/util/regex/Matcher;ILjava/lang/CharSequence;)Z @ 70
Event: 20.607 Thread 0x0000000019e4d800 Uncommon trap: reason=class_check action=maybe_recompile pc=0x00000000037bd508 method=java.io.BufferedInputStream.read1([BII)I @ 39
Event: 20.607 Thread 0x0000000019e4d800 Uncommon trap: reason=class_check action=maybe_recompile pc=0x00000000037bd508 method=java.io.BufferedInputStream.read1([BII)I @ 39
Event: 20.607 Thread 0x0000000019e4d800 Uncommon trap: reason=class_check action=maybe_recompile pc=0x00000000037bd508 method=java.io.BufferedInputStream.read1([BII)I @ 39
Event: 20.622 Thread 0x0000000019e4d800 Uncommon trap: reason=unstable_if action=reinterpret pc=0x0000000003689fd0 method=java.util.regex.Pattern.has(I)Z @ 6
Event: 20.949 Thread 0x0000000019e4d800 Uncommon trap: reason=unstable_if action=reinterpret pc=0x0000000003bf4750 method=java.lang.Integer.valueOf(I)Ljava/lang/Integer; @ 3
Event: 20.955 Thread 0x0000000019e4d800 Uncommon trap: reason=predicate action=maybe_recompile pc=0x0000000003a80894 method=java.util.Arrays.binarySearch0([Ljava/lang/Object;IILjava/lang/Object;Ljava/util/Comparator;)I @ 28
Event: 20.959 Thread 0x0000000019e4d800 Uncommon trap: reason=class_check action=maybe_recompile pc=0x00000000037bd54c method=java.io.BufferedInputStream.read1([BII)I @ 39
Event: 20.959 Thread 0x0000000019e4d800 Uncommon trap: reason=class_check action=maybe_recompile pc=0x00000000037b3ed8 method=java.io.BufferedInputStream.read1([BII)I @ 39
Event: 21.120 Thread 0x0000000019e4d800 Uncommon trap: reason=unstable_if action=reinterpret pc=0x0000000003b6058c method=java.security.CodeSource.hashCode()I @ 4

Classes redefined (0 events):
No events

Internal exceptions (10 events):
Event: 20.128 Thread 0x0000000019e4d800 Exception <a 'java/lang/ClassNotFoundException': org/gradle/api/DefaultTaskBeanInfo> (0x00000000e1bf1a08) thrown at [D:\src\AOSP-openjdk-cygwin\jdk8u\hotspot\src\share\vm\classfile\systemDictionary.cpp, line 210]
Event: 20.129 Thread 0x0000000019e4d800 Exception <a 'java/lang/ClassNotFoundException': org/gradle/api/internal/AbstractTaskBeanInfo> (0x00000000e1c1d9a0) thrown at [D:\src\AOSP-openjdk-cygwin\jdk8u\hotspot\src\share\vm\classfile\systemDictionary.cpp, line 210]
Event: 20.130 Thread 0x0000000019e4d800 Exception <a 'java/lang/ClassNotFoundException': org/gradle/api/internal/AbstractTaskCustomizer> (0x00000000e1c49f98) thrown at [D:\src\AOSP-openjdk-cygwin\jdk8u\hotspot\src\share\vm\classfile\systemDictionary.cpp, line 210]
Event: 20.134 Thread 0x0000000019e4d800 Exception <a 'java/lang/ClassNotFoundException': org/gradle/api/DefaultTaskCustomizer> (0x00000000e1cd3f08) thrown at [D:\src\AOSP-openjdk-cygwin\jdk8u\hotspot\src\share\vm\classfile\systemDictionary.cpp, line 210]
Event: 20.137 Thread 0x0000000019e4d800 Exception <a 'java/lang/ClassNotFoundException': org/gradle/api/internal/ConventionTaskCustomizer> (0x00000000e1d100a0) thrown at [D:\src\AOSP-openjdk-cygwin\jdk8u\hotspot\src\share\vm\classfile\systemDictionary.cpp, line 210]
Event: 20.140 Thread 0x0000000019e4d800 Exception <a 'java/lang/ClassNotFoundException': org/gradle/api/tasks/DeleteCustomizer> (0x00000000e1d49ae0) thrown at [D:\src\AOSP-openjdk-cygwin\jdk8u\hotspot\src\share\vm\classfile\systemDictionary.cpp, line 210]
Event: 20.142 Thread 0x0000000019e4d800 Exception <a 'java/lang/ClassNotFoundException': org/gradle/api/tasks/Delete_DecoratedCustomizer> (0x00000000e1d91c28) thrown at [D:\src\AOSP-openjdk-cygwin\jdk8u\hotspot\src\share\vm\classfile\systemDictionary.cpp, line 210]
Event: 20.347 Thread 0x0000000019e4d800 Exception <a 'java/lang/ClassNotFoundException': build_8k3qisnus0k3j4a6582t4ji03BeanInfo> (0x00000000e1e944c0) thrown at [D:\src\AOSP-openjdk-cygwin\jdk8u\hotspot\src\share\vm\classfile\systemDictionary.cpp, line 210]
Event: 20.348 Thread 0x0000000019e4d800 Exception <a 'java/lang/ClassNotFoundException': build_8k3qisnus0k3j4a6582t4ji03Customizer> (0x00000000e1e9ee70) thrown at [D:\src\AOSP-openjdk-cygwin\jdk8u\hotspot\src\share\vm\classfile\systemDictionary.cpp, line 210]
Event: 21.120 Thread 0x0000000019e4d800 Implicit null exception at 0x0000000003b60295 to 0x0000000003b6057d

Events (10 events):
Event: 21.329 loading class com/google/gson/internal/bind/TypeAdapters$29
Event: 21.329 loading class com/google/gson/internal/bind/TypeAdapters$29 done
Event: 21.329 loading class com/google/gson/TypeAdapter$1
Event: 21.329 loading class com/google/gson/TypeAdapter$1 done
Event: 21.330 loading class com/google/gson/internal/bind/TypeAdapters$32
Event: 21.330 loading class com/google/gson/internal/bind/TypeAdapters$32 done
Event: 21.331 loading class com/google/gson/internal/bind/TypeAdapters$33
Event: 21.331 loading class com/google/gson/internal/bind/TypeAdapters$33 done
Event: 21.331 loading class com/google/gson/internal/bind/TypeAdapters$8
Event: 21.331 loading class com/google/gson/internal/bind/TypeAdapters$8 done


Dynamic libraries:
0x00007ff6e8a90000 - 0x00007ff6e8ac1000 	C:\Program Files\Android\Android Studio\jre\bin\java.exe
0x00007ff90c580000 - 0x00007ff90c761000 	C:\Windows\SYSTEM32\ntdll.dll
0x00007ff90a560000 - 0x00007ff90a611000 	C:\Windows\System32\KERNEL32.DLL
0x00007ff908a50000 - 0x00007ff908cc3000 	C:\Windows\System32\KERNELBASE.dll
0x00007ff90b060000 - 0x00007ff90b101000 	C:\Windows\System32\ADVAPI32.dll
0x00007ff90ae90000 - 0x00007ff90af2e000 	C:\Windows\System32\msvcrt.dll
0x00007ff90aa70000 - 0x00007ff90aacb000 	C:\Windows\System32\sechost.dll
0x00007ff90ad60000 - 0x00007ff90ae84000 	C:\Windows\System32\RPCRT4.dll
0x00007ff90a8e0000 - 0x00007ff90aa70000 	C:\Windows\System32\USER32.dll
0x00007ff9097d0000 - 0x00007ff9097f0000 	C:\Windows\System32\win32u.dll
0x00007ff909f40000 - 0x00007ff909f68000 	C:\Windows\System32\GDI32.dll
0x00007ff908cd0000 - 0x00007ff908e62000 	C:\Windows\System32\gdi32full.dll
0x00007ff9098a0000 - 0x00007ff90993f000 	C:\Windows\System32\msvcp_win.dll
0x00007ff908950000 - 0x00007ff908a48000 	C:\Windows\System32\ucrtbase.dll
0x00007ff8f7ba0000 - 0x00007ff8f7e09000 	C:\Windows\WinSxS\amd64_microsoft.windows.common-controls_6595b64144ccf1df_6.0.17134.706_none_fb43a2cb30647007\COMCTL32.dll
0x00007ff909b90000 - 0x00007ff909eb2000 	C:\Windows\System32\combase.dll
0x00007ff909940000 - 0x00007ff9099ba000 	C:\Windows\System32\bcryptPrimitives.dll
0x00007ff90a620000 - 0x00007ff90a64d000 	C:\Windows\System32\IMM32.DLL
0x00000000575c0000 - 0x0000000057692000 	C:\Program Files\Android\Android Studio\jre\jre\bin\msvcr100.dll
0x00000000576a0000 - 0x0000000057ee1000 	C:\Program Files\Android\Android Studio\jre\jre\bin\server\jvm.dll
0x00007ff90af30000 - 0x00007ff90af38000 	C:\Windows\System32\PSAPI.DLL
0x00007ff906900000 - 0x00007ff906923000 	C:\Windows\SYSTEM32\WINMM.dll
0x00007ff902f90000 - 0x00007ff902f9a000 	C:\Windows\SYSTEM32\VERSION.dll
0x00007ff9052c0000 - 0x00007ff9052c9000 	C:\Windows\SYSTEM32\WSOCK32.dll
0x00007ff909a10000 - 0x00007ff909a7c000 	C:\Windows\System32\WS2_32.dll
0x00007ff906590000 - 0x00007ff9065ba000 	C:\Windows\SYSTEM32\WINMMBASE.dll
0x00007ff9099c0000 - 0x00007ff909a09000 	C:\Windows\System32\cfgmgr32.dll
0x00007ff9051d0000 - 0x00007ff9051df000 	C:\Program Files\Android\Android Studio\jre\jre\bin\verify.dll
0x00007ff8fef50000 - 0x00007ff8fef79000 	C:\Program Files\Android\Android Studio\jre\jre\bin\java.dll
0x00007ff8fef30000 - 0x00007ff8fef46000 	C:\Program Files\Android\Android Studio\jre\jre\bin\zip.dll
0x00007ff90b110000 - 0x00007ff90c550000 	C:\Windows\System32\SHELL32.dll
0x00007ff909a80000 - 0x00007ff909b29000 	C:\Windows\System32\shcore.dll
0x00007ff908e70000 - 0x00007ff90957d000 	C:\Windows\System32\windows.storage.dll
0x00007ff90a650000 - 0x00007ff90a6a1000 	C:\Windows\System32\shlwapi.dll
0x00007ff908890000 - 0x00007ff9088a1000 	C:\Windows\System32\kernel.appcore.dll
0x00007ff9088e0000 - 0x00007ff9088ff000 	C:\Windows\System32\profapi.dll
0x00007ff908900000 - 0x00007ff90894c000 	C:\Windows\System32\powrprof.dll
0x00007ff9088b0000 - 0x00007ff9088ba000 	C:\Windows\System32\FLTLIB.DLL
0x00007ff8fef10000 - 0x00007ff8fef2a000 	C:\Program Files\Android\Android Studio\jre\jre\bin\net.dll
0x00007ff8fa9e0000 - 0x00007ff8faa00000 	C:\Windows\system32\PrxerDrv.dll
0x00007ff908110000 - 0x00007ff908176000 	C:\Windows\system32\mswsock.dll
0x00007ff8fc160000 - 0x00007ff8fc171000 	C:\Program Files\Android\Android Studio\jre\jre\bin\nio.dll
0x00007ff8f9250000 - 0x00007ff8f926e000 	C:\Users\pc\.gradle\native\25\windows-amd64\native-platform.dll
0x00007ff904c40000 - 0x00007ff904c4d000 	C:\Program Files\Android\Android Studio\jre\jre\bin\management.dll
0x00007ff9082c0000 - 0x00007ff9082d7000 	C:\Windows\SYSTEM32\CRYPTSP.dll
0x00007ff907cf0000 - 0x00007ff907d23000 	C:\Windows\system32\rsaenh.dll
0x00007ff9083f0000 - 0x00007ff908415000 	C:\Windows\SYSTEM32\bcrypt.dll
0x00007ff9087c0000 - 0x00007ff9087e8000 	C:\Windows\SYSTEM32\USERENV.dll
0x00007ff9082e0000 - 0x00007ff9082eb000 	C:\Windows\SYSTEM32\CRYPTBASE.dll
0x00007ff907e90000 - 0x00007ff907ec8000 	C:\Windows\SYSTEM32\IPHLPAPI.DLL
0x00007ff90ad50000 - 0x00007ff90ad58000 	C:\Windows\System32\NSI.dll
0x00007ff8fbc70000 - 0x00007ff8fbc86000 	C:\Windows\SYSTEM32\dhcpcsvc6.DLL
0x00007ff8fbc00000 - 0x00007ff8fbc1a000 	C:\Windows\SYSTEM32\dhcpcsvc.DLL

VM Arguments:
jvm_args: -Xmx1536m -Dfile.encoding=windows-1254 -Duser.country=TR -Duser.language=tr -Duser.variant 
java_command: org.gradle.launcher.daemon.bootstrap.GradleDaemon 4.6
java_class_path (initial): C:\Users\pc\.gradle\wrapper\dists\gradle-4.6-all\bcst21l2brirad8k2ben1letg\gradle-4.6\lib\gradle-launcher-4.6.jar
Launcher Type: SUN_STANDARD

Environment Variables:
JAVA_HOME=C:\Program Files\Java\jdk-10.0.2
PATH=C:\Program Files (x86)\Common Files\Oracle\Java\javapath;C:\Windows\system32;C:\Windows;C:\Windows\System32\Wbem;C:\Windows\System32\WindowsPowerShell\v1.0\;C:\Program Files (x86)\NVIDIA Corporation\PhysX\Common;C:\Windows\system32;C:\Windows;C:\Windows\System32\Wbem;C:\Windows\System32\WindowsPowerShell\v1.0\;C:\Windows\System32\OpenSSH\;C:\Program Files\Git\cmd;C:\Program Files\Java\jdk-10.0.2\bin;C:\Program Files\Java\jre-10.0.2\bin;C:\Program Files\nodejs\;C:\Program Files (x86)\Yarn\bin\;C:\xampp\php;C:\ProgramData\ComposerSetup\bin;c:\Users\YOUR_USERNAME\AppData\Local\Android\Sdk\platform-tools;;C:\Program Files\NVIDIA Corporation\NVIDIA NvDLISR;C:\Program Files (x86)\Brackets\command;C:\Users\pc\Cmder\bin;C:\Users\pc\Cmder\vendor\conemu-maximus5\ConEmu\Scripts;C:\Users\pc\Cmder\vendor\conemu-maximus5;C:\Users\pc\Cmder\vendor\conemu-maximus5\ConEmu;C:\Program Files (x86)\Common Files\Oracle\Java\javapath;C:\Windows\system32;C:\Windows;C:\Windows\System32\Wbem;C:\Windows\System32\WindowsPowerShell\v1.0\;C:\Program Files (x86)\NVIDIA Corporation\PhysX\Common;C:\Windows\system32;C:\Windows;C:\Windows\System32\Wbem;C:\Windows\System32\WindowsPowerShell\v1.0\;C:\Windows\System32\OpenSSH\;C:\Program Files\Git\cmd;C:\Program Files\Java\jdk-10.0.2\bin;C:\Program Files\Java\jre-10.0.2\bin;C:\Program Files\nodejs\;C:\Program Files (x86)\Yarn\bin\;C:\Users\pc\AppData\Local\Programs\Microsoft VS Code\bin;C:\Users\pc\AppData\Local\Microsoft\WindowsApps;C:\Users\pc\AppData\Roaming\npm;C:\Users\pc\AppData\Local\Yarn\bin;C:\Program Files\Git\mingw64;C:\Program Files\Git\usr\bin;C:\Users\pc\Cmder;C:\Program Files\android-sdk-windows\platform-tools;C:\Users\pc\AppData\Local\Android\sdk\platform-tools;C:\Users\pc\AppData\Roaming\Composer\vendor\bin;
USERNAME=Kemal
OS=Windows_NT
PROCESSOR_IDENTIFIER=Intel64 Family 6 Model 61 Stepping 4, GenuineIntel



---------------  S Y S T E M  ---------------

OS: Windows 10.0 , 64 bit Build 17134 (10.0.17134.706)

CPU:total 4 (initial active 4) (2 cores per cpu, 2 threads per core) family 6 model 61 stepping 4, cmov, cx8, fxsr, mmx, sse, sse2, sse3, ssse3, sse4.1, sse4.2, popcnt, avx, avx2, aes, clmul, erms, 3dnowpref, lzcnt, ht, tsc, tscinvbit, bmi1, bmi2, adx

Memory: 4k page, physical 8306480k(1429752k free), swap 8306480k(1148k free)

vm_info: OpenJDK 64-Bit Server VM (25.152-b06) for windows-amd64 JRE (1.8.0_152-release-1136-b06), built by "builder" with MS VC++ 10.0 (VS2010)

time: Thu Apr 25 11:37:47 2019
elapsed time: 21 seconds (0d 0h 0m 21s)

